<?xml version="1.0" encoding="UTF-8"?>
<testng-results ignored="0" total="2" passed="2" failed="0" skipped="0">
  <reporter-output>
  </reporter-output>
  <suite started-at="2025-06-06T10:27:46 IST" name="Master Suite" finished-at="2025-06-06T10:28:04 IST" duration-ms="17920">
    <groups>
      <group name="Master">
        <method signature="TC_LF_002_LoginTest.testLogin()[pri:0, instance:testCases.TC_LF_002_LoginTest@57ac5227]" name="testLogin" class="testCases.TC_LF_002_LoginTest"/>
        <method signature="TC_RF_001_AccountRegistration.testAccountRegistration()[pri:0, instance:testCases.TC_RF_001_AccountRegistration@5d1659ea]" name="testAccountRegistration" class="testCases.TC_RF_001_AccountRegistration"/>
      </group> <!-- Master -->
      <group name="Sanity">
        <method signature="TC_LF_002_LoginTest.testLogin()[pri:0, instance:testCases.TC_LF_002_LoginTest@57ac5227]" name="testLogin" class="testCases.TC_LF_002_LoginTest"/>
      </group> <!-- Sanity -->
      <group name="Regression">
        <method signature="TC_RF_001_AccountRegistration.testAccountRegistration()[pri:0, instance:testCases.TC_RF_001_AccountRegistration@5d1659ea]" name="testAccountRegistration" class="testCases.TC_RF_001_AccountRegistration"/>
      </group> <!-- Regression -->
    </groups>
    <test started-at="2025-06-06T10:27:46 IST" name="Test" finished-at="2025-06-06T10:28:04 IST" duration-ms="17920">
      <class name="testCases.TC_LF_002_LoginTest">
        <test-method is-config="true" signature="setup(java.lang.String,java.lang.String)[pri:0, instance:testCases.TC_LF_002_LoginTest@57ac5227]" started-at="2025-06-06T10:27:58 IST" name="setup" finished-at="2025-06-06T10:28:01 IST" duration-ms="3670" status="PASS">
          <params>
            <param index="0">
              <value>
                <![CDATA[windows]]>
              </value>
            </param>
            <param index="1">
              <value>
                <![CDATA[chrome]]>
              </value>
            </param>
          </params>
          <reporter-output>
          </reporter-output>
        </test-method> <!-- setup -->
        <test-method signature="testLogin()[pri:0, instance:testCases.TC_LF_002_LoginTest@57ac5227]" started-at="2025-06-06T10:28:01 IST" name="testLogin" finished-at="2025-06-06T10:28:04 IST" duration-ms="2437" status="PASS">
          <reporter-output>
          </reporter-output>
        </test-method> <!-- testLogin -->
        <test-method is-config="true" signature="tearDown()[pri:0, instance:testCases.TC_LF_002_LoginTest@57ac5227]" started-at="2025-06-06T10:28:04 IST" name="tearDown" finished-at="2025-06-06T10:28:04 IST" duration-ms="257" status="PASS">
          <reporter-output>
          </reporter-output>
        </test-method> <!-- tearDown -->
      </class> <!-- testCases.TC_LF_002_LoginTest -->
      <class name="testCases.TC_RF_001_AccountRegistration">
        <test-method is-config="true" signature="setup(java.lang.String,java.lang.String)[pri:0, instance:testCases.TC_RF_001_AccountRegistration@5d1659ea]" started-at="2025-06-06T10:27:46 IST" name="setup" finished-at="2025-06-06T10:27:53 IST" duration-ms="7004" status="PASS">
          <params>
            <param index="0">
              <value>
                <![CDATA[windows]]>
              </value>
            </param>
            <param index="1">
              <value>
                <![CDATA[chrome]]>
              </value>
            </param>
          </params>
          <reporter-output>
          </reporter-output>
        </test-method> <!-- setup -->
        <test-method signature="testAccountRegistration()[pri:0, instance:testCases.TC_RF_001_AccountRegistration@5d1659ea]" started-at="2025-06-06T10:27:53 IST" name="testAccountRegistration" finished-at="2025-06-06T10:27:57 IST" duration-ms="3814" status="PASS">
          <reporter-output>
          </reporter-output>
        </test-method> <!-- testAccountRegistration -->
        <test-method is-config="true" signature="tearDown()[pri:0, instance:testCases.TC_RF_001_AccountRegistration@5d1659ea]" started-at="2025-06-06T10:27:57 IST" name="tearDown" finished-at="2025-06-06T10:27:58 IST" duration-ms="315" status="PASS">
          <reporter-output>
          </reporter-output>
        </test-method> <!-- tearDown -->
      </class> <!-- testCases.TC_RF_001_AccountRegistration -->
    </test> <!-- Test -->
  </suite> <!-- Master Suite -->
</testng-results>
